Perforce password is empty. Ignoring login request.
Error: Unicode server permits only unicode enabled clients.

Error: Unicode server permits only unicode enabled clients.

e32:SSL receive failed.\nread: The system cannot find the file specified. : WSAECONNRESET\n
Error: Unicode server permits only unicode enabled clients.

e32:SSL receive failed.\nread: The system cannot find the file specified. : WSAECONNRESET\n
e32:connect: 82.102.5.111:1666: WSAETIMEDOUT\n
Error: Unicode server permits only unicode enabled clients.

Error in change specification.
'swarm.changesave' validation failed: 
Execution Failed: "/opt/perforce/swarm/p4-bin/scripts/swarm-trigger.pl" -t changesave   -v default: No such file or directory

e1:Error in change specification.\n'swarm.changesave' validation failed: \nExecution Failed: "/opt/perforce/swarm/p4-bin/scripts/swarm-trigger.pl" -t changesave   -v default: No such file or directory\n
e32:SSL receive failed.\nread: The system cannot find the file specified. : WSAECONNRESET\n
Error: Unicode server permits only unicode enabled clients.

e32:SSL receive failed.\nread: The system cannot find the file specified. : WSAECONNRESET\n
Error: Unicode server permits only unicode enabled clients.

e32:SSL receive failed.\nread: The system cannot find the file specified. : WSAECONNRESET\n
Error: Unicode server permits only unicode enabled clients.

e32:SSL receive failed.\nread: The system cannot find the file specified. : WSAECONNRESET\n
Error: Unicode server permits only unicode enabled clients.

e32:SSL receive failed.\nread: The system cannot find the file specified. : WSAECONNRESET\n
Error: Unicode server permits only unicode enabled clients.

e32:SSL receive failed.\nread: The system cannot find the file specified. : WSAECONNRESET\n
Error: Unicode server permits only unicode enabled clients.

e32:SSL receive failed.\nread: The system cannot find the file specified. : WSAECONNRESET\n
Error: Unicode server permits only unicode enabled clients.

e32:SSL receive failed.\nread: The system cannot find the file specified. : WSAECONNRESET\n
e32:connect: 82.102.5.111:1666: WSAETIMEDOUT\n
Error: Unicode server permits only unicode enabled clients.

Error: Unicode server permits only unicode enabled clients.

Error: Unicode server permits only unicode enabled clients.

e32:SSL receive failed.\nread: The system cannot find the file specified. : WSAECONNRESET\n
Error: Unicode server permits only unicode enabled clients.

e32:SSL receive failed.\nread: The system cannot find the file specified. : WSAECONNRESET\n
Error: Unicode server permits only unicode enabled clients.

e32:SSL receive failed.\nread: The system cannot find the file specified. : WSAECONNRESET\n
Error: Unicode server permits only unicode enabled clients.

Error: Unicode server permits only unicode enabled clients.

e32:SSL receive failed.\nread: The system cannot find the file specified. : WSAECONNRESET\n
Error: Unicode server permits only unicode enabled clients.

e32:SSL receive failed.\nread: The system cannot find the file specified. : WSAECONNRESET\n
Error: Unicode server permits only unicode enabled clients.

e32:SSL receive failed.\nread: The system cannot find the file specified. : WSAECONNRESET\n
Error: Unicode server permits only unicode enabled clients.

e32:SSL receive failed.\nread: The system cannot find the file specified. : WSAECONNRESET\n
